{"/Users/jonathanreeves/Desktop/code-projects/js-ts-projects/test-driven-fizzbuzz/index.js": {"path":"/Users/jonathanreeves/Desktop/code-projects/js-ts-projects/test-driven-fizzbuzz/index.js","statementMap":{"0":{"start":{"line":1,"column":0},"end":{"line":6,"column":1}},"1":{"start":{"line":2,"column":4},"end":{"line":2,"column":42}},"2":{"start":{"line":2,"column":24},"end":{"line":2,"column":42}},"3":{"start":{"line":3,"column":4},"end":{"line":3,"column":37}},"4":{"start":{"line":3,"column":23},"end":{"line":3,"column":37}},"5":{"start":{"line":4,"column":4},"end":{"line":4,"column":37}},"6":{"start":{"line":4,"column":23},"end":{"line":4,"column":37}},"7":{"start":{"line":5,"column":4},"end":{"line":5,"column":20}}},"fnMap":{"0":{"name":"(anonymous_0)","decl":{"start":{"line":1,"column":17},"end":{"line":1,"column":18}},"loc":{"start":{"line":1,"column":26},"end":{"line":6,"column":1}},"line":1}},"branchMap":{"0":{"loc":{"start":{"line":2,"column":4},"end":{"line":2,"column":42}},"type":"if","locations":[{"start":{"line":2,"column":4},"end":{"line":2,"column":42}},{"start":{},"end":{}}],"line":2},"1":{"loc":{"start":{"line":3,"column":4},"end":{"line":3,"column":37}},"type":"if","locations":[{"start":{"line":3,"column":4},"end":{"line":3,"column":37}},{"start":{},"end":{}}],"line":3},"2":{"loc":{"start":{"line":4,"column":4},"end":{"line":4,"column":37}},"type":"if","locations":[{"start":{"line":4,"column":4},"end":{"line":4,"column":37}},{"start":{},"end":{}}],"line":4}},"s":{"0":1,"1":8,"2":2,"3":6,"4":2,"5":4,"6":2,"7":2},"f":{"0":8},"b":{"0":[2,6],"1":[2,4],"2":[2,2]},"_coverageSchema":"1a1c01bbd47fc00a2c39e90264f33305004495a9","hash":"93c80195a0f43eb185010f068e3c878a03e57c60"}
}
